<?xml version="1.0" encoding="UTF-8"?>
<!-- Generated by org.testng.reporters.JUnitReportReporter -->
<testsuite skipped="0" hostname="ForeVision" name="Practice.FileDownLoad" tests="1" failures="0" timestamp="2020-07-08T13:36:28 IST" time="56.906" errors="0">
  <testcase name="openapplication" time="56.906" classname="Practice.FileDownLoad"/>
</testsuite> <!-- Practice.FileDownLoad -->
