<?xml version="1.0" encoding="UTF-8"?>
<!-- Generated by org.testng.reporters.JUnitReportReporter -->
<testsuite skipped="0" hostname="ForeVision" name="com.Scripts.TestNewCustPage" tests="1" failures="0" timestamp="2020-07-08T18:58:55 IST" time="148.042" errors="0">
  <testcase name="createCut" time="148.042" classname="com.Scripts.TestNewCustPage"/>
</testsuite> <!-- com.Scripts.TestNewCustPage -->
