<?xml version="1.0" encoding="UTF-8"?>
<!-- Generated by org.testng.reporters.JUnitReportReporter -->
<testsuite skipped="0" hostname="ForeVision" name="Sample" tests="1" failures="0" timestamp="2020-07-04T21:56:41 IST" time="24.679" errors="0">
  <testcase name="openapplication" time="24.679" classname="Sample"/>
</testsuite> <!-- Sample -->
