<?xml version="1.0" encoding="UTF-8"?>
<!-- Generated by org.testng.reporters.JUnitReportReporter -->
<testsuite skipped="0" hostname="ForeVision" name="Practice.TetsngSample" tests="8" failures="0" timestamp="2020-07-05T21:01:12 IST" time="0.023" errors="0">
  <testcase name="iWokeUP" time="0.001" classname="Practice.TetsngSample"/>
  <testcase name="iWokeUP" time="0.011" classname="Practice.TetsngSample"/>
  <testcase name="ihadBreackFast" time="0.002" classname="Practice.TetsngSample"/>
  <testcase name="ihadBreackFast" time="0.002" classname="Practice.TetsngSample"/>
  <testcase name="iHadLaunch" time="0.002" classname="Practice.TetsngSample"/>
  <testcase name="iHadLaunch" time="0.002" classname="Practice.TetsngSample"/>
  <testcase name="ihaddinner" time="0.001" classname="Practice.TetsngSample"/>
  <testcase name="ihaddinner" time="0.002" classname="Practice.TetsngSample"/>
</testsuite> <!-- Practice.TetsngSample -->
