<?xml version="1.0" encoding="UTF-8"?>
<!-- Generated by org.testng.reporters.JUnitReportReporter -->
<testsuite skipped="0" hostname="ForeVision" name="com.Scripts.TestcustPage" tests="1" failures="0" timestamp="2020-07-07T07:28:58 IST" time="28.807" errors="0">
  <testcase name="createCust" time="28.807" classname="com.Scripts.TestcustPage"/>
</testsuite> <!-- com.Scripts.TestcustPage -->
