<?xml version="1.0" encoding="UTF-8"?>
<!-- Generated by org.testng.reporters.JUnitReportReporter -->
<testsuite skipped="0" hostname="ForeVision" name="com.Scripts.testLoginPage" tests="1" failures="0" timestamp="2020-07-09T17:44:32 IST" time="19.371" errors="0">
  <testcase name="validLogin" time="19.371" classname="com.Scripts.testLoginPage"/>
</testsuite> <!-- com.Scripts.testLoginPage -->
